[1;31mERROR[0m:root:FileName : database.py :Function :Write Data Error:[Errno 2] No such file or directory: '/home/sp/w/Soical_Manager/src/database/mikudb.csv'
[1;31m[1;31mERROR[0m[0m:root:FileName : database.py :Function :Write Data Error:[Errno 2] No such file or directory: '/home/sp/w/Soical_Manager/src/database/mikudb.csv'
[1;31m[1;31m[1;31mERROR[0m[0m[0m:root:FileName : database.py :Function :Write Data Error:[Errno 2] No such file or directory: '/home/sp/w/Soical_Manager/src/database/mikudb.csv'
[1;31m[1;31m[1;31m[1;31mERROR[0m[0m[0m[0m:root:FileName : database.py :Function :Write Data Error:[Errno 2] No such file or directory: '/home/sp/w/Soical_Manager/src/database/mikudb.csv'
[1;31m[1;31m[1;31m[1;31m[1;31mERROR[0m[0m[0m[0m[0m:root:FileName : database.py :Function :Write Data Error:[Errno 2] No such file or directory: '/home/sp/w/Soical_Manager/src/database/mikudb.csv'
[1;31mERROR[0m:root:FileName : database.py :Function :Write Data Error:[Errno 2] No such file or directory: '/home/sp/w/Soical_Manager/src/database/mikudb.csv'
[1;31m[1;31mERROR[0m[0m:root:FileName : database.py :Function :Write Data Error:[Errno 2] No such file or directory: '/home/sp/w/Soical_Manager/src/database/mikudb.csv'
[1;31m[1;31m[1;31mERROR[0m[0m[0m:root:FileName : database.py :Function :Write Data Error:[Errno 2] No such file or directory: '/home/sp/w/Soical_Manager/src/database/mikudb.csv'
[1;31m[1;31m[1;31m[1;31mERROR[0m[0m[0m[0m:root:FileName : database.py :Function :Write Data Error:[Errno 2] No such file or directory: '/home/sp/w/Soical_Manager/src/database/mikudb.csv'
[1;31m[1;31m[1;31m[1;31m[1;31mERROR[0m[0m[0m[0m[0m:root:FileName : database.py :Function :Write Data Error:[Errno 2] No such file or directory: '/home/sp/w/Soical_Manager/src/database/mikudb.csv'
[1;31m[1;31m[1;31m[1;31m[1;31m[1;31mERROR[0m[0m[0m[0m[0m[0m:root:FileName : database.py :Function :Write Data Error:[Errno 2] No such file or directory: '/home/sp/w/Soical_Manager/src/database/mikudb.csv'
[1;31m[1;31m[1;31m[1;31m[1;31m[1;31m[1;31mERROR[0m[0m[0m[0m[0m[0m[0m:root:FileName : database.py :Function :Write Data Error:[Errno 2] No such file or directory: '/home/sp/w/Soical_Manager/src/database/mikudb.csv'
[1;31m[1;31m[1;31m[1;31m[1;31m[1;31m[1;31m[1;31mERROR[0m[0m[0m[0m[0m[0m[0m[0m:root:FileName : database.py :Function :Write Data Error:[Errno 2] No such file or directory: '/home/sp/w/Soical_Manager/src/database/mikudb.csv'
[1;31m[1;31m[1;31m[1;31m[1;31m[1;31m[1;31m[1;31m[1;31mERROR[0m[0m[0m[0m[0m[0m[0m[0m[0m:root:FileName : database.py :Function :Write Data Error:[Errno 2] No such file or directory: '/home/sp/w/Soical_Manager/src/database/mikudb.csv'
[1;31m[1;31m[1;31m[1;31m[1;31m[1;31m[1;31m[1;31m[1;31m[1;31mERROR[0m[0m[0m[0m[0m[0m[0m[0m[0m[0m:root:FileName : database.py :Function :Write Data Error:[Errno 2] No such file or directory: '/home/sp/w/Soical_Manager/src/database/mikudb.csv'
[1;31m[1;31m[1;31m[1;31m[1;31m[1;31m[1;31m[1;31m[1;31m[1;31m[1;31mERROR[0m[0m[0m[0m[0m[0m[0m[0m[0m[0m[0m:root:FileName : database.py :Function :Write Data Error:[Errno 2] No such file or directory: '/home/sp/w/Soical_Manager/src/database/mikudb.csv'
[1;31m[1;31m[1;31m[1;31m[1;31m[1;31m[1;31m[1;31m[1;31m[1;31m[1;31m[1;31mERROR[0m[0m[0m[0m[0m[0m[0m[0m[0m[0m[0m[0m:root:FileName : database.py :Function :Write Data Error:[Errno 2] No such file or directory: '/home/sp/w/Soical_Manager/src/database/mikudb.csv'
[1;31m[1;31m[1;31m[1;31m[1;31m[1;31m[1;31m[1;31m[1;31m[1;31m[1;31m[1;31m[1;31mERROR[0m[0m[0m[0m[0m[0m[0m[0m[0m[0m[0m[0m[0m:root:FileName : database.py :Function :Write Data Error:[Errno 2] No such file or directory: '/home/sp/w/Soical_Manager/src/database/mikudb.csv'
[1;31mERROR[0m:root:FileName : database.py :Function :Write Data Error:[Errno 2] No such file or directory: '/home/sp/w/Soical_Manager/src/database/mikudb.csv'
[1;31m[1;31mERROR[0m[0m:root:FileName : database.py :Function :Write Data Error:[Errno 2] No such file or directory: '/home/sp/w/Soical_Manager/src/database/mikudb.csv'
[1;31m[1;31m[1;31mERROR[0m[0m[0m:root:FileName : database.py :Function :Write Data Error:[Errno 2] No such file or directory: '/home/sp/w/Soical_Manager/src/database/mikudb.csv'
[1;31m[1;31m[1;31m[1;31mERROR[0m[0m[0m[0m:root:FileName : database.py :Function :Write Data Error:[Errno 2] No such file or directory: '/home/sp/w/Soical_Manager/src/database/mikudb.csv'
[1;31m[1;31m[1;31m[1;31m[1;31mERROR[0m[0m[0m[0m[0m:root:FileName : database.py :Function :Write Data Error:[Errno 2] No such file or directory: '/home/sp/w/Soical_Manager/src/database/mikudb.csv'
[1;31m[1;31m[1;31m[1;31m[1;31m[1;31mERROR[0m[0m[0m[0m[0m[0m:root:FileName : database.py :Function :Write Data Error:[Errno 2] No such file or directory: '/home/sp/w/Soical_Manager/src/database/mikudb.csv'
[1;31m[1;31m[1;31m[1;31m[1;31m[1;31m[1;31mERROR[0m[0m[0m[0m[0m[0m[0m:root:FileName : database.py :Function :Write Data Error:[Errno 2] No such file or directory: '/home/sp/w/Soical_Manager/src/database/mikudb.csv'
[1;31mERROR[0m:root:FileName : database.py :Function :Write Data Error:[Errno 2] No such file or directory: '/home/sp/w/Soical_Manager/src/database/mikudb.csv'
[1;31m[1;31mERROR[0m[0m:root:FileName : database.py :Function :Write Data Error:[Errno 2] No such file or directory: '/home/sp/w/Soical_Manager/src/database/mikudb.csv'
[1;31m[1;31m[1;31mERROR[0m[0m[0m:root:FileName : database.py :Function :Write Data Error:[Errno 2] No such file or directory: '/home/sp/w/Soical_Manager/src/database/mikudb.csv'
[1;31mERROR[0m:root:Post.pycannot open resource
[1;31m[1;31mERROR[0m[0m:root:Post.pycannot open resource
